[2021-01-13 13:53:22.868] [renderer1] [error] [File Watcher (node.js)] Error: ENOENT: no such file or directory, stat '/home/estudos/Documents/workspace-spring-tool-suite-4-4.8.0.RELEASE/dsdeliver/front-web/.vscode'
[2021-01-13 13:53:47.336] [renderer1] [warning] UNRESPONSIVE extension host, 'buianhthang.xml2json' took 36% of 5811.945ms, saved PROFILE here: '/tmp/exthost-4947d5.cpuprofile' [{"id":"buianhthang.xml2json","total":2100128,"percentage":36},{"id":"christian-kohler.path-intellisense","total":1810045,"percentage":31},{"id":"CoenraadS.bracket-pair-colorizer-2","total":1552383,"percentage":27},{"id":"gc","total":5497,"percentage":0},{"id":"self","total":343677,"percentage":6}]
[2021-01-13 13:54:58.626] [renderer1] [warning] UNRESPONSIVE extension host, 'ryu1kn.partial-diff' took 99% of 9638.954ms, saved PROFILE here: '/tmp/exthost-70157c.cpuprofile' [{"id":"gc","total":41191,"percentage":0},{"id":"ryu1kn.partial-diff","total":9589014,"percentage":99},{"id":"self","total":8249,"percentage":0}]
[2021-01-13 13:55:21.870] [renderer1] [warning] UNRESPONSIVE extension host, 'dbaeumer.vscode-eslint' took 49% of 4561.72ms, saved PROFILE here: '/tmp/exthost-c16c21.cpuprofile' [{"id":"christian-kohler.npm-intellisense","total":2625,"percentage":0},{"id":"dbaeumer.vscode-eslint","total":2230741,"percentage":49},{"id":"donjayamanne.githistory","total":7744,"percentage":0},{"id":"eamodio.gitlens","total":63444,"percentage":1},{"id":"formulahendry.auto-rename-tag","total":33978,"percentage":1},{"id":"funkyremi.vscode-google-translate","total":86081,"percentage":2},{"id":"gc","total":10003,"percentage":0},{"id":"Gruntfuggly.todo-tree","total":41963,"percentage":1},{"id":"kamikillerto.vscode-colorize","total":52505,"percentage":1},{"id":"moshfeu.compare-folders","total":38937,"percentage":1},{"id":"PKief.material-icon-theme","total":1737,"percentage":0},{"id":"program","total":36211,"percentage":1},{"id":"ritwickdey.LiveServer","total":3955,"percentage":0},{"id":"sburg.vscode-javascript-booster","total":52528,"percentage":1},{"id":"self","total":895810,"percentage":20},{"id":"Shan.code-settings-sync","total":9653,"percentage":0},{"id":"VisualStudioExptTeam.vscodeintellicode","total":58493,"percentage":1},{"id":"vscode.css-language-features","total":96107,"percentage":2},{"id":"vscode.git","total":256694,"percentage":6},{"id":"vscode.typescript-language-features","total":581948,"percentage":13}]
[2021-01-13 13:55:24.203] [renderer1] [error] Error: No authentication provider 'microsoft' is currently registered.
    at E.getSessions (file:///snap/code/52/usr/share/code/resources/app/out/vs/workbench/workbench.desktop.main.js:4391:744)
    at async e.getAccounts (file:///snap/code/52/usr/share/code/resources/app/out/vs/workbench/workbench.desktop.main.js:6274:436)
    at async e.update (file:///snap/code/52/usr/share/code/resources/app/out/vs/workbench/workbench.desktop.main.js:6274:173)
    at async e.initialize (file:///snap/code/52/usr/share/code/resources/app/out/vs/workbench/workbench.desktop.main.js:6273:159)
    at async e.waitAndInitialize (file:///snap/code/52/usr/share/code/resources/app/out/vs/workbench/workbench.desktop.main.js:6272:488)
[2021-01-13 13:55:24.205] [renderer1] [warning] Settings Sync: Accounts are not initialized
[2021-01-13 13:55:32.900] [renderer1] [warning] UNRESPONSIVE extension host, 'ryu1kn.partial-diff' took 84% of 5118.26ms, saved PROFILE here: '/tmp/exthost-80615b.cpuprofile' [{"id":"eamodio.gitlens","total":65397,"percentage":1},{"id":"formulahendry.auto-rename-tag","total":15760,"percentage":0},{"id":"funkyremi.vscode-google-translate","total":7339,"percentage":0},{"id":"Gruntfuggly.todo-tree","total":4509,"percentage":0},{"id":"ms-vscode.js-debug","total":6223,"percentage":0},{"id":"program","total":8028,"percentage":0},{"id":"ryu1kn.partial-diff","total":4291436,"percentage":84},{"id":"self","total":470654,"percentage":9},{"id":"vscode.git","total":146679,"percentage":3},{"id":"vscode.json-language-features","total":78698,"percentage":2}]
[2021-01-13 13:55:42.414] [renderer1] [warning] UNRESPONSIVE extension host, 'vscode.typescript-language-features' took 83% of 2391.19ms, saved PROFILE here: '/tmp/exthost-edd4c1.cpuprofile' [{"id":"anweber.statusbar-commands","total":3831,"percentage":0},{"id":"CoenraadS.bracket-pair-colorizer-2","total":3547,"percentage":0},{"id":"dbaeumer.vscode-eslint","total":1366,"percentage":0},{"id":"donjayamanne.githistory","total":647,"percentage":0},{"id":"eamodio.gitlens","total":115135,"percentage":5},{"id":"ecmel.vscode-html-css","total":3796,"percentage":0},{"id":"formulahendry.auto-rename-tag","total":1615,"percentage":0},{"id":"funkyremi.vscode-google-translate","total":16374,"percentage":1},{"id":"gc","total":15098,"percentage":1},{"id":"kenhowardpdx.vscode-gist","total":1940,"percentage":0},{"id":"ms-vscode.js-debug","total":45803,"percentage":2},{"id":"Orta.vscode-jest","total":9706,"percentage":0},{"id":"PKief.material-icon-theme","total":11639,"percentage":0},{"id":"program","total":29914,"percentage":1},{"id":"sburg.vscode-javascript-booster","total":26392,"percentage":1},{"id":"self","total":42844,"percentage":2},{"id":"Shan.code-settings-sync","total":594,"percentage":0},{"id":"shardulm94.trailing-spaces","total":1679,"percentage":0},{"id":"vscode.css-language-features","total":65915,"percentage":3},{"id":"vscode.git","total":8869,"percentage":0},{"id":"vscode.merge-conflict","total":2055,"percentage":0},{"id":"vscode.npm","total":995,"percentage":0},{"id":"vscode.typescript-language-features","total":1974134,"percentage":83},{"id":"wix.vscode-import-cost","total":2869,"percentage":0},{"id":"yatki.vscode-surround","total":619,"percentage":0}]
[2021-01-13 13:55:55.998] [renderer1] [warning] UNRESPONSIVE extension host, 'vscode.git' took 88% of 5423.006ms, saved PROFILE here: '/tmp/exthost-90ec60.cpuprofile' [{"id":"CoenraadS.bracket-pair-colorizer-2","total":383,"percentage":0},{"id":"dbaeumer.vscode-eslint","total":13357,"percentage":0},{"id":"eamodio.gitlens","total":52650,"percentage":1},{"id":"EditorConfig.EditorConfig","total":4080,"percentage":0},{"id":"gc","total":41631,"percentage":1},{"id":"Gruntfuggly.todo-tree","total":4955,"percentage":0},{"id":"kamikillerto.vscode-colorize","total":8755,"percentage":0},{"id":"mhutchie.git-graph","total":2702,"percentage":0},{"id":"ms-vscode-remote.remote-containers","total":165502,"percentage":3},{"id":"program","total":36702,"percentage":1},{"id":"self","total":256429,"percentage":5},{"id":"Shan.code-settings-sync","total":45182,"percentage":1},{"id":"vscode.css-language-features","total":15962,"percentage":0},{"id":"vscode.git","total":4774340,"percentage":88}]
[2021-01-13 13:56:07.995] [renderer1] [error] Webview is disposed: Error: Webview is disposed
    at b.assertNotDisposed (/snap/code/52/usr/share/code/resources/app/out/vs/workbench/services/extensions/node/extensionHostProcess.js:862:889)
    at b.html (/snap/code/52/usr/share/code/resources/app/out/vs/workbench/services/extensions/node/extensionHostProcess.js:862:278)
    at WelcomeWebview.show (/root/.vscode/extensions/eamodio.gitlens-11.1.3/dist/webpack:/gitlens/src/webviews/webviewBase.ts:312:24)
    at processTicksAndRejections (internal/process/task_queues.js:94:5)
[2021-01-13 13:56:08.327] [renderer1] [error] Unknown webview handle:2106e90c-ce89-419e-9c24-f208324b9b25: Error: Unknown webview handle:2106e90c-ce89-419e-9c24-f208324b9b25
    at e.getWebview (file:///snap/code/52/usr/share/code/resources/app/out/vs/workbench/workbench.desktop.main.js:4506:14)
    at e.$postMessage (file:///snap/code/52/usr/share/code/resources/app/out/vs/workbench/workbench.desktop.main.js:4505:313)
    at p._doInvokeHandler (file:///snap/code/52/usr/share/code/resources/app/out/vs/workbench/workbench.desktop.main.js:4517:275)
    at p._invokeHandler (file:///snap/code/52/usr/share/code/resources/app/out/vs/workbench/workbench.desktop.main.js:4516:971)
    at p._receiveRequest (file:///snap/code/52/usr/share/code/resources/app/out/vs/workbench/workbench.desktop.main.js:4515:639)
    at p._receiveOneMessage (file:///snap/code/52/usr/share/code/resources/app/out/vs/workbench/workbench.desktop.main.js:4514:468)
    at file:///snap/code/52/usr/share/code/resources/app/out/vs/workbench/workbench.desktop.main.js:4512:565
    at c.fire (file:///snap/code/52/usr/share/code/resources/app/out/vs/workbench/workbench.desktop.main.js:99:696)
    at fire (file:///snap/code/52/usr/share/code/resources/app/out/vs/workbench/workbench.desktop.main.js:448:356)
    at t.PersistentProtocol._receiveMessage (file:///snap/code/52/usr/share/code/resources/app/out/vs/workbench/workbench.desktop.main.js:453:525)
    at file:///snap/code/52/usr/share/code/resources/app/out/vs/workbench/workbench.desktop.main.js:450:519
    at c.fire (file:///snap/code/52/usr/share/code/resources/app/out/vs/workbench/workbench.desktop.main.js:99:696)
    at g.acceptChunk (file:///snap/code/52/usr/share/code/resources/app/out/vs/workbench/workbench.desktop.main.js:445:789)
    at file:///snap/code/52/usr/share/code/resources/app/out/vs/workbench/workbench.desktop.main.js:445:141
    at Socket.t (file:///snap/code/52/usr/share/code/resources/app/out/vs/workbench/workbench.desktop.main.js:455:389)
    at Socket.emit (events.js:223:5)
    at addChunk (_stream_readable.js:309:12)
    at readableAddChunk (_stream_readable.js:290:11)
    at Socket.Readable.push (_stream_readable.js:224:10)
    at Pipe.onStreamRead (internal/stream_base_commons.js:181:23)
[2021-01-13 13:56:08.408] [renderer1] [warning] UNRESPONSIVE extension host, 'formulahendry.auto-rename-tag' took 96% of 5883.319ms, saved PROFILE here: '/tmp/exthost-8cc285.cpuprofile' [{"id":"eamodio.gitlens","total":27409,"percentage":0},{"id":"formulahendry.auto-rename-tag","total":5666716,"percentage":96},{"id":"kamikillerto.vscode-colorize","total":12224,"percentage":0},{"id":"program","total":21391,"percentage":0},{"id":"self","total":154307,"percentage":3},{"id":"vscode.git","total":887,"percentage":0}]
[2021-01-13 13:56:27.860] [renderer1] [warning] UNRESPONSIVE extension host, 'vscode.git' took 92% of 10960.057ms, saved PROFILE here: '/tmp/exthost-0baf6f.cpuprofile' [{"id":"gc","total":176273,"percentage":2},{"id":"self","total":678947,"percentage":6},{"id":"vscode.git","total":10104472,"percentage":92}]
[2021-01-13 13:56:55.649] [renderer1] [warning] UNRESPONSIVE extension host, 'vscode.git' took 80% of 12589.546ms, saved PROFILE here: '/tmp/exthost-d8d1c1.cpuprofile' [{"id":"EditorConfig.EditorConfig","total":1939,"percentage":0},{"id":"gc","total":502629,"percentage":4},{"id":"p1c2u.docker-compose","total":1012,"percentage":0},{"id":"program","total":1103365,"percentage":9},{"id":"self","total":786989,"percentage":6},{"id":"vscode.git","total":10103473,"percentage":80},{"id":"vscode.github-authentication","total":27387,"percentage":0},{"id":"vscode.typescript-language-features","total":61889,"percentage":0}]
