2021-01-13T16:55:40.631Z: Running in production mode.
2021-01-13T16:55:43.053Z: 35 code actions loaded.
2021-01-13T17:17:39.643Z: Syntax error in file file:///home/estudos/Documents/workspace-spring-tool-suite-4-4.8.0.RELEASE/dsdeliver/front-web/src/Home/index.tsx (1:6).
2021-01-13T17:17:41.583Z: File now valid: file:///home/estudos/Documents/workspace-spring-tool-suite-4-4.8.0.RELEASE/dsdeliver/front-web/src/Home/index.tsx.
2021-01-13T17:17:52.436Z: Syntax error in file file:///home/estudos/Documents/workspace-spring-tool-suite-4-4.8.0.RELEASE/dsdeliver/front-web/src/Home/index.tsx (3:8).
2021-01-13T17:17:56.445Z: File now valid: file:///home/estudos/Documents/workspace-spring-tool-suite-4-4.8.0.RELEASE/dsdeliver/front-web/src/Home/index.tsx.
2021-01-13T17:18:02.719Z: Syntax error in file file:///home/estudos/Documents/workspace-spring-tool-suite-4-4.8.0.RELEASE/dsdeliver/front-web/src/Home/index.tsx (4:11).
2021-01-13T17:18:11.912Z: Syntax error in file file:///home/estudos/Documents/workspace-spring-tool-suite-4-4.8.0.RELEASE/dsdeliver/front-web/src/Home/index.tsx (6:4).
2021-01-13T17:18:14.881Z: Syntax error in file file:///home/estudos/Documents/workspace-spring-tool-suite-4-4.8.0.RELEASE/dsdeliver/front-web/src/Home/index.tsx (6:4).
2021-01-13T17:18:16.775Z: Syntax error in file file:///home/estudos/Documents/workspace-spring-tool-suite-4-4.8.0.RELEASE/dsdeliver/front-web/src/Home/index.tsx (6:4).
2021-01-13T17:18:22.204Z: Syntax error in file file:///home/estudos/Documents/workspace-spring-tool-suite-4-4.8.0.RELEASE/dsdeliver/front-web/src/Home/index.tsx (6:4).
2021-01-13T17:18:35.184Z: File now valid: file:///home/estudos/Documents/workspace-spring-tool-suite-4-4.8.0.RELEASE/dsdeliver/front-web/src/Home/index.tsx.
2021-01-13T17:18:56.334Z: Syntax error in file file:///home/estudos/Documents/workspace-spring-tool-suite-4-4.8.0.RELEASE/dsdeliver/front-web/src/Home/index.tsx (5:36).
2021-01-13T17:19:02.205Z: File now valid: file:///home/estudos/Documents/workspace-spring-tool-suite-4-4.8.0.RELEASE/dsdeliver/front-web/src/Home/index.tsx.
2021-01-13T17:20:42.973Z: Syntax error in file file:///home/estudos/Documents/workspace-spring-tool-suite-4-4.8.0.RELEASE/dsdeliver/front-web/src/App.tsx (11:4).
2021-01-13T17:20:46.010Z: Syntax error in file file:///home/estudos/Documents/workspace-spring-tool-suite-4-4.8.0.RELEASE/dsdeliver/front-web/src/App.tsx (11:4).
2021-01-13T17:20:50.607Z: Syntax error in file file:///home/estudos/Documents/workspace-spring-tool-suite-4-4.8.0.RELEASE/dsdeliver/front-web/src/App.tsx (11:4).
2021-01-13T17:20:53.685Z: File now valid: file:///home/estudos/Documents/workspace-spring-tool-suite-4-4.8.0.RELEASE/dsdeliver/front-web/src/App.tsx.
2021-01-13T17:21:02.360Z: Syntax error in file file:///home/estudos/Documents/workspace-spring-tool-suite-4-4.8.0.RELEASE/dsdeliver/front-web/src/App.tsx (7:0).
2021-01-13T17:21:06.646Z: Syntax error in file file:///home/estudos/Documents/workspace-spring-tool-suite-4-4.8.0.RELEASE/dsdeliver/front-web/src/App.tsx (4:16).
2021-01-13T17:21:08.312Z: Syntax error in file file:///home/estudos/Documents/workspace-spring-tool-suite-4-4.8.0.RELEASE/dsdeliver/front-web/src/App.tsx (4:16).
2021-01-13T17:21:10.394Z: Syntax error in file file:///home/estudos/Documents/workspace-spring-tool-suite-4-4.8.0.RELEASE/dsdeliver/front-web/src/App.tsx (4:18).
2021-01-13T17:21:13.836Z: File now valid: file:///home/estudos/Documents/workspace-spring-tool-suite-4-4.8.0.RELEASE/dsdeliver/front-web/src/App.tsx.
2021-01-13T17:26:23.940Z: File now valid: file:///home/estudos/Documents/workspace-spring-tool-suite-4-4.8.0.RELEASE/dsdeliver/front-web/src/Home/index.tsx.
2021-01-13T17:26:30.289Z: Syntax error in file file:///home/estudos/Documents/workspace-spring-tool-suite-4-4.8.0.RELEASE/dsdeliver/front-web/src/Home/index.tsx (9:71).
2021-01-13T17:26:32.970Z: File now valid: file:///home/estudos/Documents/workspace-spring-tool-suite-4-4.8.0.RELEASE/dsdeliver/front-web/src/Home/index.tsx.
2021-01-13T17:27:28.958Z: File now valid: file:///home/estudos/Documents/workspace-spring-tool-suite-4-4.8.0.RELEASE/dsdeliver/front-web/src/Home/index.tsx.
2021-01-13T17:42:25.339Z: Syntax error in file file:///home/estudos/Documents/workspace-spring-tool-suite-4-4.8.0.RELEASE/dsdeliver/front-web/src/Home/index.tsx (4:0).
2021-01-13T17:42:32.679Z: Syntax error in file file:///home/estudos/Documents/workspace-spring-tool-suite-4-4.8.0.RELEASE/dsdeliver/front-web/src/Home/index.tsx (4:0).
2021-01-13T17:42:36.044Z: Syntax error in file file:///home/estudos/Documents/workspace-spring-tool-suite-4-4.8.0.RELEASE/dsdeliver/front-web/src/Home/index.tsx (2:15).
2021-01-13T17:42:39.030Z: Syntax error in file file:///home/estudos/Documents/workspace-spring-tool-suite-4-4.8.0.RELEASE/dsdeliver/front-web/src/Home/index.tsx (2:15).
2021-01-13T17:42:41.004Z: Syntax error in file file:///home/estudos/Documents/workspace-spring-tool-suite-4-4.8.0.RELEASE/dsdeliver/front-web/src/Home/index.tsx (2:15).
2021-01-13T17:42:51.590Z: Syntax error in file file:///home/estudos/Documents/workspace-spring-tool-suite-4-4.8.0.RELEASE/dsdeliver/front-web/src/Home/index.tsx (4:0).
2021-01-13T17:42:59.457Z: Syntax error in file file:///home/estudos/Documents/workspace-spring-tool-suite-4-4.8.0.RELEASE/dsdeliver/front-web/src/Home/index.tsx (4:0).
2021-01-13T17:43:07.470Z: Syntax error in file file:///home/estudos/Documents/workspace-spring-tool-suite-4-4.8.0.RELEASE/dsdeliver/front-web/src/Home/index.tsx (4:0).
2021-01-13T17:43:11.918Z: Syntax error in file file:///home/estudos/Documents/workspace-spring-tool-suite-4-4.8.0.RELEASE/dsdeliver/front-web/src/Home/index.tsx (4:0).
2021-01-13T17:43:16.091Z: Syntax error in file file:///home/estudos/Documents/workspace-spring-tool-suite-4-4.8.0.RELEASE/dsdeliver/front-web/src/Home/index.tsx (4:0).
2021-01-13T17:43:18.811Z: File now valid: file:///home/estudos/Documents/workspace-spring-tool-suite-4-4.8.0.RELEASE/dsdeliver/front-web/src/Home/index.tsx.
2021-01-13T17:43:47.703Z: Syntax error in file file:///home/estudos/Documents/workspace-spring-tool-suite-4-4.8.0.RELEASE/dsdeliver/front-web/src/Home/index.tsx (22:16).
2021-01-13T17:43:50.161Z: Syntax error in file file:///home/estudos/Documents/workspace-spring-tool-suite-4-4.8.0.RELEASE/dsdeliver/front-web/src/Home/index.tsx (22:16).
2021-01-13T17:43:52.302Z: File now valid: file:///home/estudos/Documents/workspace-spring-tool-suite-4-4.8.0.RELEASE/dsdeliver/front-web/src/Home/index.tsx.
2021-01-13T17:44:23.749Z: File now valid: file:///home/estudos/Documents/workspace-spring-tool-suite-4-4.8.0.RELEASE/dsdeliver/front-web/src/Home/index.tsx.
