Initializing document watcher...
No more open editors.
front-web/src/App.css: {}
front-web/src/App.css: {}
front-web/src/App.css: {}
front-web/src/App.css: {}
front-web/src/App.css: Using EditorConfig core...
front-web/src/App.css: {}
front-web/src/App.css: Using EditorConfig core...
front-web/src/App.css: Using EditorConfig core...
front-web/src/App.css: Using EditorConfig core...
front-web/src/App.css: Using EditorConfig core...
front-web/src/App.css: Using EditorConfig core...
front-web/src/App.css: Using EditorConfig core...
front-web/src/App.css: Using EditorConfig core...
front-web/src/App.css: Using EditorConfig core...
front-web/src/App.css: Using EditorConfig core...
front-web/src/App.css: Using EditorConfig core...
front-web/src/App.css: Using EditorConfig core...
front-web/src/App.css: Using EditorConfig core...
front-web/src/App.css: Using EditorConfig core...
front-web/src/App.css: Using EditorConfig core...
front-web/src/App.css: Using EditorConfig core...
front-web/src/App.css: Using EditorConfig core...
front-web/src/Navbar/style.css: {}
front-web/src/App.css: {}
front-web/src/Navbar/style.css: {}
front-web/src/Navbar/style.css: Using EditorConfig core...
front-web/src/Navbar/style.css: Using EditorConfig core...
front-web/src/Navbar/style.css: Using EditorConfig core...
front-web/src/Navbar/style.css: Using EditorConfig core...
front-web/src/Navbar/style.css: Using EditorConfig core...
front-web/src/Navbar/style.css: {}
front-web/src/Navbar/style.css: Using EditorConfig core...
front-web/src/Navbar/style.css: Using EditorConfig core...
front-web/src/Navbar/style.css: Using EditorConfig core...
front-web/src/Navbar/style.css: {}
front-web/src/Navbar/style.css: Using EditorConfig core...
front-web/src/Navbar/style.css: Using EditorConfig core...
front-web/src/Navbar/style.css: Using EditorConfig core...
front-web/src/Navbar/style.css: Using EditorConfig core...
front-web/src/Navbar/style.css: {}
front-web/src/App.css: {}
front-web/src/App.css: Using EditorConfig core...
front-web/src/App.css: Using EditorConfig core...
front-web/src/App.css: Using EditorConfig core...
front-web/src/Navbar/style.css: {}
front-web/src/Navbar/style.css: Using EditorConfig core...
front-web/src/Navbar/style.css: Using EditorConfig core...
front-web/src/Navbar/style.css: Using EditorConfig core...
front-web/src/Navbar/style.css: {}
front-web/src/Navbar/index.tsx: {}
front-web/src/Navbar/index.tsx: {}
front-web/src/Home/index.tsx: {}
front-web/src/Home/style.css: {}
front-web/src/Home/index.tsx: {}
front-web/src/Home/index.tsx: Using EditorConfig core...
front-web/src/Home/index.tsx: Using EditorConfig core...
front-web/src/Home/index.tsx: Using EditorConfig core...
front-web/src/Home/index.tsx: Using EditorConfig core...
front-web/src/Home/index.tsx: Using EditorConfig core...
front-web/src/Navbar/index.tsx: {}
front-web/src/Home/index.tsx: {}
front-web/src/App.tsx: {}
front-web/src/App.tsx: Using EditorConfig core...
front-web/src/App.tsx: Using EditorConfig core...
front-web/src/App.tsx: Using EditorConfig core...
front-web/src/App.tsx: Using EditorConfig core...
front-web/src/App.tsx: Using EditorConfig core...
front-web/src/App.tsx: Using EditorConfig core...
front-web/src/App.tsx: Using EditorConfig core...
front-web/src/App.tsx: {}
front-web/src/Home/index.tsx: {}
front-web/src/Home/index.tsx: Using EditorConfig core...
front-web/src/Home/index.tsx: Using EditorConfig core...
front-web/src/Home/index.tsx: Using EditorConfig core...
front-web/src/Home/index.tsx: Using EditorConfig core...
front-web/src/Home/index.tsx: Using EditorConfig core...
front-web/src/Home/index.tsx: Using EditorConfig core...
front-web/src/Home/index.tsx: Using EditorConfig core...
front-web/src/Home/index.tsx: Using EditorConfig core...
front-web/src/Home/index.tsx: Using EditorConfig core...
front-web/src/Home/index.tsx: {}
front-web/src/Home/index.tsx: {}
front-web/src/Home/index.tsx: Using EditorConfig core...
front-web/src/Home/index.tsx: Using EditorConfig core...
front-web/src/Home/index.tsx: {}
front-web/src/Home/index.tsx: Using EditorConfig core...
front-web/src/Home/index.tsx: Using EditorConfig core...
front-web/src/Home/index.tsx: Using EditorConfig core...
front-web/src/Home/index.tsx: Using EditorConfig core...
front-web/src/Home/index.tsx: {}
front-web/src/Home/index.tsx: Using EditorConfig core...
front-web/src/Home/index.tsx: Using EditorConfig core...
front-web/src/Home/index.tsx: Using EditorConfig core...
front-web/src/Home/index.tsx: Using EditorConfig core...
front-web/src/Home/index.tsx: Using EditorConfig core...
front-web/src/Home/index.tsx: Using EditorConfig core...
front-web/src/Home/index.tsx: Using EditorConfig core...
front-web/src/Home/index.tsx: Using EditorConfig core...
front-web/src/Home/index.tsx: Using EditorConfig core...
front-web/src/Home/index.tsx: {}
front-web/src/Home/index.tsx: Using EditorConfig core...
front-web/src/Home/index.tsx: Using EditorConfig core...
front-web/src/Home/index.tsx: Using EditorConfig core...
front-web/src/Home/index.tsx: Using EditorConfig core...
front-web/src/Home/index.tsx: Using EditorConfig core...
front-web/src/Home/index.tsx: Using EditorConfig core...
front-web/src/Home/index.tsx: Using EditorConfig core...
front-web/src/Home/index.tsx: Using EditorConfig core...
front-web/src/Home/index.tsx: Using EditorConfig core...
front-web/src/Home/index.tsx: {}
front-web/src/Home/index.tsx: {}
front-web/src/Home/index.tsx: {}
front-web/src/Home/index.tsx: Using EditorConfig core...
front-web/src/Home/index.tsx: Using EditorConfig core...
front-web/src/Home/index.tsx: Using EditorConfig core...
front-web/src/Home/index.tsx: Using EditorConfig core...
front-web/src/Home/index.tsx: {}
front-web/src/Home/style.css: {}
front-web/src/Home/style.css: Using EditorConfig core...
front-web/src/Home/style.css: Using EditorConfig core...
front-web/src/Home/style.css: Using EditorConfig core...
front-web/src/Home/style.css: {}
front-web/src/App.tsx: {}
front-web/src/Home/index.tsx: {}
front-web/src/Home/style.css: {}
front-web/src/Home/style.css: Using EditorConfig core...
front-web/src/Home/style.css: {}
front-web/src/Home/style.css: Using EditorConfig core...
front-web/src/Home/style.css: Using EditorConfig core...
front-web/src/Home/index.tsx: {}
front-web/src/Home/index.tsx: Using EditorConfig core...
front-web/src/Home/index.tsx: Using EditorConfig core...
front-web/src/Home/index.tsx: Using EditorConfig core...
front-web/src/Home/index.tsx: Using EditorConfig core...
front-web/src/Home/index.tsx: Using EditorConfig core...
front-web/src/Home/index.tsx: Using EditorConfig core...
front-web/src/Home/index.tsx: {}
front-web/src/Home/index.tsx: {}
front-web/src/Home/index.tsx: Using EditorConfig core...
front-web/src/Home/index.tsx: Using EditorConfig core...
front-web/src/Home/index.tsx: Using EditorConfig core...
front-web/src/Home/index.tsx: Using EditorConfig core...
front-web/src/Home/index.tsx: {}
front-web/src/Home/index.tsx: {}
front-web/src/Home/index.tsx: Using EditorConfig core...
front-web/src/Home/index.tsx: Using EditorConfig core...
front-web/src/Home/index.tsx: Using EditorConfig core...
front-web/src/Home/index.tsx: Using EditorConfig core...
front-web/src/Home/index.tsx: Using EditorConfig core...
front-web/src/Home/index.tsx: {}
front-web/src/Home/index.tsx: Using EditorConfig core...
front-web/src/Home/index.tsx: Using EditorConfig core...
front-web/src/Home/index.tsx: Using EditorConfig core...
front-web/src/Home/index.tsx: {}
front-web/src/Home/index.tsx: Using EditorConfig core...
front-web/src/Home/index.tsx: Using EditorConfig core...
front-web/src/Home/index.tsx: Using EditorConfig core...
front-web/src/Home/index.tsx: {}
front-web/src/Home/style.css: {}
front-web/src/Home/style.css: Using EditorConfig core...
front-web/src/Home/style.css: {}
front-web/src/Navbar/index.tsx: {}
front-web/src/Navbar/index.tsx: Using EditorConfig core...
front-web/src/Navbar/index.tsx: Using EditorConfig core...
front-web/src/Navbar/index.tsx: Using EditorConfig core...
front-web/src/Navbar/index.tsx: {}
front-web/src/Footer/index.tsx: {}
front-web/src/Footer/style.css: {}
front-web/src/Footer/style.css: {}
front-web/src/Footer/style.css: Using EditorConfig core...
front-web/src/Navbar/style.css: {}
front-web/src/Footer/style.css: {}
front-web/src/App.css: {}
front-web/src/Footer/style.css: {}
front-web/src/Footer/index.tsx: {}
front-web/src/Footer/index.tsx: Using EditorConfig core...
front-web/src/Home/index.tsx: {}
front-web/src/Footer/index.tsx: {}
front-web/src/Footer/index.tsx: Using EditorConfig core...
front-web/src/Footer/index.tsx: Using EditorConfig core...
front-web/src/Footer/style.css: {}
front-web/src/Footer/index.tsx: {}
front-web/src/Footer/index.tsx: Using EditorConfig core...
front-web/src/Footer/index.tsx: Using EditorConfig core...
front-web/src/Footer/index.tsx: Using EditorConfig core...
front-web/src/Footer/index.tsx: Using EditorConfig core...
front-web/src/Footer/index.tsx: Using EditorConfig core...
front-web/src/Footer/index.tsx: Using EditorConfig core...
front-web/src/Footer/index.tsx: Using EditorConfig core...
front-web/src/Footer/index.tsx: Using EditorConfig core...
front-web/src/Footer/style.css: {}
front-web/src/Footer/index.tsx: {}
front-web/src/Footer/index.tsx: Using EditorConfig core...
front-web/src/Footer/index.tsx: Using EditorConfig core...
front-web/src/Footer/index.tsx: Using EditorConfig core...
front-web/src/Footer/index.tsx: Using EditorConfig core...
front-web/src/Footer/index.tsx: Using EditorConfig core...
front-web/src/Footer/index.tsx: Using EditorConfig core...
front-web/src/Footer/index.tsx: Using EditorConfig core...
front-web/src/Footer/index.tsx: Using EditorConfig core...
front-web/src/Footer/index.tsx: Using EditorConfig core...
front-web/src/Footer/index.tsx: Using EditorConfig core...
front-web/src/App.tsx: {}
front-web/src/App.tsx: Using EditorConfig core...
front-web/src/App.tsx: Using EditorConfig core...
front-web/src/App.tsx: Using EditorConfig core...
front-web/src/App.tsx: Using EditorConfig core...
front-web/src/App.tsx: Using EditorConfig core...
front-web/src/App.tsx: Using EditorConfig core...
front-web/src/App.tsx: Using EditorConfig core...
front-web/src/App.tsx: Using EditorConfig core...
front-web/src/App.tsx: {}
front-web/src/Footer/index.tsx: {}
front-web/src/Footer/index.tsx: Using EditorConfig core...
front-web/src/Footer/index.tsx: Using EditorConfig core...
front-web/src/Footer/index.tsx: Using EditorConfig core...
front-web/src/Footer/index.tsx: Using EditorConfig core...
front-web/src/Footer/index.tsx: Using EditorConfig core...
front-web/src/Footer/index.tsx: Using EditorConfig core...
front-web/src/Footer/index.tsx: Using EditorConfig core...
front-web/src/Footer/index.tsx: {}
front-web/src/Home/index.tsx: {}
front-web/src/Home/index.tsx: Using EditorConfig core...
front-web/src/Home/index.tsx: Using EditorConfig core...
front-web/src/Home/index.tsx: Using EditorConfig core...
front-web/src/Home/index.tsx: Using EditorConfig core...
front-web/src/Home/index.tsx: Using EditorConfig core...
front-web/src/Home/index.tsx: Using EditorConfig core...
front-web/src/Home/index.tsx: Using EditorConfig core...
front-web/src/Home/index.tsx: Using EditorConfig core...
front-web/src/Home/index.tsx: Using EditorConfig core...
front-web/src/Home/index.tsx: Using EditorConfig core...
front-web/src/Home/index.tsx: Using EditorConfig core...
front-web/src/Home/index.tsx: Using EditorConfig core...
front-web/src/App.tsx: {}
front-web/src/App.tsx: Using EditorConfig core...
front-web/src/App.tsx: Using EditorConfig core...
front-web/src/App.tsx: Using EditorConfig core...
front-web/src/Footer/style.css: {}
front-web/src/App.tsx: {}
front-web/src/Footer/index.tsx: {}
front-web/src/Footer/index.tsx: Using EditorConfig core...
front-web/src/Footer/index.tsx: Using EditorConfig core...
front-web/src/Footer/index.tsx: Using EditorConfig core...
front-web/src/Footer/index.tsx: Using EditorConfig core...
front-web/src/Footer/index.tsx: {}
front-web/src/Footer/index.tsx: {}
front-web/src/Footer/index.tsx: Using EditorConfig core...
front-web/src/Footer/index.tsx: Using EditorConfig core...
front-web/src/Footer/index.tsx: Using EditorConfig core...
front-web/src/Footer/index.tsx: Using EditorConfig core...
front-web/src/Footer/index.tsx: Using EditorConfig core...
front-web/src/Footer/index.tsx: Using EditorConfig core...
front-web/src/Footer/index.tsx: Using EditorConfig core...
front-web/src/Footer/index.tsx: Using EditorConfig core...
front-web/src/Footer/index.tsx: Using EditorConfig core...
front-web/src/Footer/index.tsx: Using EditorConfig core...
front-web/src/Footer/index.tsx: {}
front-web/src/Footer/index.tsx: Using EditorConfig core...
front-web/src/Footer/index.tsx: Using EditorConfig core...
front-web/src/Footer/index.tsx: Using EditorConfig core...
front-web/src/Footer/index.tsx: {}
front-web/src/Footer/index.tsx: Using EditorConfig core...
front-web/src/Footer/index.tsx: Using EditorConfig core...
front-web/src/Footer/index.tsx: Using EditorConfig core...
front-web/src/Footer/index.tsx: Using EditorConfig core...
front-web/src/Footer/index.tsx: Using EditorConfig core...
front-web/src/Footer/index.tsx: Using EditorConfig core...
front-web/src/Footer/index.tsx: Using EditorConfig core...
front-web/src/Footer/index.tsx: Using EditorConfig core...
front-web/src/Footer/index.tsx: Using EditorConfig core...
front-web/src/Footer/index.tsx: Using EditorConfig core...
front-web/src/Footer/index.tsx: Using EditorConfig core...
front-web/src/Footer/index.tsx: Using EditorConfig core...
front-web/src/Footer/index.tsx: Using EditorConfig core...
front-web/src/Footer/index.tsx: Using EditorConfig core...
front-web/src/Footer/index.tsx: Using EditorConfig core...
front-web/src/Footer/index.tsx: {}
front-web/src/Footer/index.tsx: Using EditorConfig core...
front-web/src/Footer/index.tsx: Using EditorConfig core...
front-web/src/Footer/index.tsx: Using EditorConfig core...
front-web/src/Footer/index.tsx: Using EditorConfig core...
front-web/src/Footer/index.tsx: Using EditorConfig core...
front-web/src/Footer/index.tsx: Using EditorConfig core...
front-web/src/Footer/index.tsx: Using EditorConfig core...
front-web/src/Footer/index.tsx: {}
front-web/src/Footer/index.tsx: Using EditorConfig core...
front-web/src/Footer/index.tsx: Using EditorConfig core...
front-web/src/Footer/index.tsx: Using EditorConfig core...
front-web/src/Footer/index.tsx: {}
front-web/src/Footer/index.tsx: Using EditorConfig core...
front-web/src/Footer/index.tsx: Using EditorConfig core...
front-web/src/Footer/index.tsx: Using EditorConfig core...
front-web/src/Footer/index.tsx: Using EditorConfig core...
front-web/src/Footer/index.tsx: {}
front-web/src/Home/style.css: {}
front-web/src/Home/style.css: {}
front-web/src/Footer/index.tsx: {}
front-web/src/App.tsx: {}
front-web/src/Navbar/index.tsx: {}
front-web/src/App.tsx: {}
front-web/src/Orders/index.tsx: {}
front-web/src/Orders/style.css: {}
front-web/src/Orders/index.tsx: {}
front-web/src/Orders/index.tsx: Using EditorConfig core...
front-web/src/Orders/index.tsx: Using EditorConfig core...
front-web/src/Orders/index.tsx: Using EditorConfig core...
front-web/src/Orders/index.tsx: Using EditorConfig core...
front-web/src/Orders/index.tsx: Using EditorConfig core...
front-web/src/Orders/index.tsx: Using EditorConfig core...
front-web/src/Orders/index.tsx: Using EditorConfig core...
front-web/src/Orders/index.tsx: Using EditorConfig core...
front-web/src/Orders/index.tsx: Using EditorConfig core...
front-web/src/Orders/index.tsx: {}
front-web/src/Home/index.tsx: {}
front-web/src/Routes.tsx: {}
front-web/src/Routes.tsx: Using EditorConfig core...
front-web/src/Routes.tsx: Using EditorConfig core...
front-web/src/Routes.tsx: Using EditorConfig core...
front-web/src/Routes.tsx: Using EditorConfig core...
front-web/src/Routes.tsx: Using EditorConfig core...
front-web/src/Routes.tsx: Using EditorConfig core...
front-web/src/Routes.tsx: Using EditorConfig core...
front-web/src/Routes.tsx: Using EditorConfig core...
front-web/src/Routes.tsx: Using EditorConfig core...
front-web/src/Routes.tsx: Using EditorConfig core...
front-web/src/Routes.tsx: Using EditorConfig core...
front-web/src/Routes.tsx: Using EditorConfig core...
front-web/src/Routes.tsx: Using EditorConfig core...
front-web/src/Routes.tsx: Using EditorConfig core...
front-web/src/Routes.tsx: Using EditorConfig core...
front-web/src/Routes.tsx: Using EditorConfig core...
front-web/src/Routes.tsx: Using EditorConfig core...
front-web/src/Routes.tsx: Using EditorConfig core...
front-web/src/Routes.tsx: Using EditorConfig core...
front-web/src/Routes.tsx: Using EditorConfig core...
front-web/src/Routes.tsx: Using EditorConfig core...
front-web/src/Routes.tsx: Using EditorConfig core...
front-web/src/Routes.tsx: Using EditorConfig core...
front-web/src/Routes.tsx: Using EditorConfig core...
front-web/src/Routes.tsx: Using EditorConfig core...
front-web/src/Routes.tsx: Using EditorConfig core...
front-web/src/Routes.tsx: Using EditorConfig core...
front-web/src/Routes.tsx: Using EditorConfig core...
front-web/src/Routes.tsx: Using EditorConfig core...
front-web/src/Routes.tsx: Using EditorConfig core...
front-web/src/Routes.tsx: Using EditorConfig core...
front-web/src/Routes.tsx: Using EditorConfig core...
front-web/src/Routes.tsx: Using EditorConfig core...
front-web/src/Routes.tsx: Using EditorConfig core...
front-web/src/Routes.tsx: Using EditorConfig core...
front-web/src/Routes.tsx: Using EditorConfig core...
front-web/src/Routes.tsx: {}
front-web/src/Orders/index.tsx: {}
front-web/src/App.tsx: {}
front-web/src/App.tsx: Using EditorConfig core...
front-web/src/App.tsx: Using EditorConfig core...
front-web/src/App.tsx: Using EditorConfig core...
front-web/src/App.tsx: Using EditorConfig core...
front-web/src/App.tsx: Using EditorConfig core...
front-web/src/App.tsx: Using EditorConfig core...
front-web/src/App.tsx: Using EditorConfig core...
front-web/src/App.tsx: Using EditorConfig core...
front-web/src/App.tsx: {}
front-web/src/Home/index.tsx: {}
front-web/src/Navbar/index.tsx: {}
front-web/src/Home/index.tsx: {}
front-web/src/App.tsx: {}
front-web/src/Home/index.tsx: {}
front-web/src/Navbar/index.tsx: {}
front-web/src/Navbar/index.tsx: Using EditorConfig core...
front-web/src/Navbar/index.tsx: Using EditorConfig core...
front-web/src/Navbar/index.tsx: Using EditorConfig core...
front-web/src/Navbar/index.tsx: Using EditorConfig core...
front-web/src/Navbar/index.tsx: Using EditorConfig core...
front-web/src/Navbar/index.tsx: Using EditorConfig core...
front-web/src/Navbar/index.tsx: {}
front-web/src/Navbar/index.tsx: Using EditorConfig core...
front-web/src/Navbar/index.tsx: Using EditorConfig core...
front-web/src/Navbar/index.tsx: Using EditorConfig core...
front-web/src/Navbar/index.tsx: Using EditorConfig core...
front-web/src/Navbar/index.tsx: Using EditorConfig core...
front-web/src/Navbar/index.tsx: Using EditorConfig core...
front-web/src/Navbar/index.tsx: Using EditorConfig core...
front-web/src/Home/index.tsx: {}
front-web/src/Orders/index.tsx: {}
front-web/src/Home/index.tsx: {}
front-web/src/App.tsx: {}
front-web/src/App.tsx: Using EditorConfig core...
front-web/src/App.tsx: Using EditorConfig core...
front-web/src/App.tsx: Using EditorConfig core...
front-web/src/App.tsx: Using EditorConfig core...
front-web/src/App.tsx: Using EditorConfig core...
front-web/src/App.tsx: Using EditorConfig core...
front-web/src/Routes.tsx: {}
front-web/src/Routes.tsx: Using EditorConfig core...
front-web/src/Routes.tsx: Using EditorConfig core...
front-web/src/Routes.tsx: Using EditorConfig core...
front-web/src/Routes.tsx: Using EditorConfig core...
front-web/src/Routes.tsx: Using EditorConfig core...
front-web/src/Routes.tsx: {}
front-web/src/Home/index.tsx: {}
front-web/src/Home/index.tsx: Using EditorConfig core...
front-web/src/Home/index.tsx: Using EditorConfig core...
front-web/src/Home/index.tsx: Using EditorConfig core...
front-web/src/Home/index.tsx: Using EditorConfig core...
front-web/src/Home/index.tsx: Using EditorConfig core...
front-web/src/Home/index.tsx: Using EditorConfig core...
front-web/src/Home/index.tsx: Using EditorConfig core...
front-web/src/Home/index.tsx: Using EditorConfig core...
front-web/src/Home/index.tsx: Using EditorConfig core...
front-web/src/Home/index.tsx: Using EditorConfig core...
front-web/src/Home/index.tsx: Using EditorConfig core...
front-web/src/Home/index.tsx: Using EditorConfig core...
front-web/src/Home/index.tsx: Using EditorConfig core...
front-web/src/Home/index.tsx: Using EditorConfig core...
front-web/src/Home/index.tsx: Using EditorConfig core...
front-web/src/Home/index.tsx: {}
front-web/src/Navbar/index.tsx: {}
front-web/src/Home/index.tsx: {}
front-web/src/Navbar/index.tsx: {}
front-web/src/Orders/StepsHeader.tsx: {}
front-web/src/Orders/StepsHeader.tsx: Using EditorConfig core...
front-web/src/Orders/StepsHeader.tsx: Using EditorConfig core...
front-web/src/Orders/StepsHeader.tsx: Using EditorConfig core...
front-web/src/Orders/StepsHeader.tsx: Using EditorConfig core...
front-web/src/Orders/StepsHeader.tsx: Using EditorConfig core...
front-web/src/Orders/StepsHeader.tsx: Using EditorConfig core...
front-web/src/Orders/StepsHeader.tsx: Using EditorConfig core...
front-web/src/Orders/StepsHeader.tsx: Using EditorConfig core...
front-web/src/Orders/StepsHeader.tsx: Using EditorConfig core...
front-web/src/Orders/StepsHeader.tsx: Using EditorConfig core...
front-web/src/Orders/StepsHeader.tsx: Using EditorConfig core...
front-web/src/Orders/StepsHeader.tsx: Using EditorConfig core...
front-web/src/Orders/index.tsx: {}
front-web/src/Orders/index.tsx: Using EditorConfig core...
front-web/src/Orders/index.tsx: Using EditorConfig core...
front-web/src/Orders/index.tsx: Using EditorConfig core...
front-web/src/Orders/index.tsx: Using EditorConfig core...
front-web/src/Orders/index.tsx: Using EditorConfig core...
front-web/src/Orders/index.tsx: Using EditorConfig core...
front-web/src/Orders/index.tsx: Using EditorConfig core...
front-web/src/Orders/index.tsx: Using EditorConfig core...
front-web/src/Orders/index.tsx: {}
front-web/src/Orders/index.tsx: Using EditorConfig core...
front-web/src/Orders/index.tsx: Using EditorConfig core...
front-web/src/Orders/index.tsx: Using EditorConfig core...
front-web/src/Orders/index.tsx: Using EditorConfig core...
front-web/src/Orders/index.tsx: {}
front-web/src/Orders/index.tsx: Using EditorConfig core...
front-web/src/Orders/index.tsx: Using EditorConfig core...
front-web/src/Orders/index.tsx: Using EditorConfig core...
front-web/src/Orders/index.tsx: {}
front-web/src/Orders/style.css: {}
front-web/src/Orders/index.tsx: {}
front-web/src/Orders/index.tsx: Using EditorConfig core...
front-web/src/Orders/index.tsx: Using EditorConfig core...
front-web/src/Orders/index.tsx: Using EditorConfig core...
front-web/src/Orders/index.tsx: {}
front-web/src/Orders/index.tsx: Using EditorConfig core...
front-web/src/Orders/index.tsx: Using EditorConfig core...
front-web/src/Orders/index.tsx: Using EditorConfig core...
front-web/src/Orders/StepsHeader.tsx: {}
front-web/src/Orders/StepsHeader.tsx: Using EditorConfig core...
front-web/src/Orders/StepsHeader.tsx: Using EditorConfig core...
front-web/src/Orders/StepsHeader.tsx: Using EditorConfig core...
front-web/src/Orders/StepsHeader.tsx: {}
front-web/src/Orders/StepsHeader.tsx: Using EditorConfig core...
front-web/src/Orders/StepsHeader.tsx: Using EditorConfig core...
front-web/src/Orders/StepsHeader.tsx: Using EditorConfig core...
front-web/src/Orders/StepsHeader.tsx: Using EditorConfig core...
front-web/src/Orders/StepsHeader.tsx: Using EditorConfig core...
front-web/src/Orders/StepsHeader.tsx: Using EditorConfig core...
front-web/src/Orders/StepsHeader.tsx: Using EditorConfig core...
front-web/src/Orders/StepsHeader.tsx: Using EditorConfig core...
front-web/src/Orders/StepsHeader.tsx: Using EditorConfig core...
front-web/src/Orders/StepsHeader.tsx: Using EditorConfig core...
front-web/src/Orders/StepsHeader.tsx: Using EditorConfig core...
front-web/src/Orders/StepsHeader.tsx: Using EditorConfig core...
front-web/src/Orders/StepsHeader.tsx: Using EditorConfig core...
front-web/src/Orders/StepsHeader.tsx: Using EditorConfig core...
front-web/src/Orders/StepsHeader.tsx: Using EditorConfig core...
front-web/src/Orders/StepsHeader.tsx: Using EditorConfig core...
front-web/src/Orders/StepsHeader.tsx: {}
front-web/src/Orders/StepsHeader.tsx: Using EditorConfig core...
front-web/src/Orders/StepsHeader.tsx: Using EditorConfig core...
front-web/src/Orders/StepsHeader.tsx: Using EditorConfig core...
front-web/src/Orders/StepsHeader.tsx: Using EditorConfig core...
front-web/src/Orders/StepsHeader.tsx: Using EditorConfig core...
front-web/src/Orders/StepsHeader.tsx: Using EditorConfig core...
front-web/src/Orders/StepsHeader.tsx: Using EditorConfig core...
front-web/src/Orders/StepsHeader.tsx: Using EditorConfig core...
front-web/src/Orders/StepsHeader.tsx: Using EditorConfig core...
front-web/src/Orders/StepsHeader.tsx: Using EditorConfig core...
front-web/src/Orders/StepsHeader.tsx: Using EditorConfig core...
front-web/src/Orders/StepsHeader.tsx: Using EditorConfig core...
front-web/src/Orders/StepsHeader.tsx: Using EditorConfig core...
front-web/src/Orders/StepsHeader.tsx: Using EditorConfig core...
front-web/src/Orders/StepsHeader.tsx: Using EditorConfig core...
front-web/src/Orders/StepsHeader.tsx: Using EditorConfig core...
front-web/src/Orders/StepsHeader.tsx: Using EditorConfig core...
front-web/src/Orders/StepsHeader.tsx: {}
front-web/src/Orders/StepsHeader.tsx: Using EditorConfig core...
front-web/src/Orders/StepsHeader.tsx: Using EditorConfig core...
front-web/src/Orders/StepsHeader.tsx: Using EditorConfig core...
front-web/src/Orders/style.css: {}
front-web/src/Orders/style.css: {}
front-web/src/Orders/style.css: Using EditorConfig core...
front-web/src/Orders/style.css: Using EditorConfig core...
front-web/src/Orders/style.css: {}
front-web/src/Orders/StepsHeader.tsx: {}
front-web/src/Navbar/index.tsx: {}
No more open editors.
front-web/src/Orders/ProductsList.tsx: {}
front-web/src/Orders/ProductsList.tsx: Using EditorConfig core...
front-web/src/Orders/ProductsList.tsx: Using EditorConfig core...
front-web/src/Orders/ProductsList.tsx: Using EditorConfig core...
front-web/src/Orders/ProductsList.tsx: Using EditorConfig core...
front-web/src/Orders/ProductsList.tsx: Using EditorConfig core...
front-web/src/Orders/ProductsList.tsx: Using EditorConfig core...
front-web/src/Orders/index.tsx: {}
front-web/src/Orders/index.tsx: Using EditorConfig core...
front-web/src/Orders/index.tsx: Using EditorConfig core...
front-web/src/Orders/index.tsx: Using EditorConfig core...
front-web/src/Orders/index.tsx: Using EditorConfig core...
front-web/src/Orders/index.tsx: Using EditorConfig core...
front-web/src/Orders/index.tsx: Using EditorConfig core...
front-web/src/Orders/index.tsx: Using EditorConfig core...
front-web/src/Orders/index.tsx: Using EditorConfig core...
front-web/src/Orders/index.tsx: Using EditorConfig core...
front-web/src/Orders/ProductsList.tsx: {}
front-web/src/Orders/ProductsList.tsx: Using EditorConfig core...
front-web/src/Orders/ProductsList.tsx: Using EditorConfig core...
front-web/src/Orders/ProductsList.tsx: Using EditorConfig core...
front-web/src/Orders/ProductsList.tsx: Using EditorConfig core...
front-web/src/Orders/index.tsx: {}
front-web/src/Orders/index.tsx: {}
front-web/src/Orders/ProductsList.tsx: {}
front-web/src/Orders/index.tsx: {}
front-web/src/Orders/ProductsList.tsx: {}
front-web/src/Orders/Productcard.tsx: {}
front-web/src/Orders/Productcard.tsx: Using EditorConfig core...
front-web/src/Orders/Productcard.tsx: Using EditorConfig core...
front-web/src/Orders/Productcard.tsx: Using EditorConfig core...
front-web/src/Orders/Productcard.tsx: Using EditorConfig core...
front-web/src/Orders/Productcard.tsx: Using EditorConfig core...
front-web/src/Orders/Productcard.tsx: Using EditorConfig core...
front-web/src/Orders/Productcard.tsx: Using EditorConfig core...
front-web/src/Orders/Productcard.tsx: Using EditorConfig core...
front-web/src/Orders/Productcard.tsx: Using EditorConfig core...
front-web/src/Orders/Productcard.tsx: Using EditorConfig core...
front-web/src/Orders/Productcard.tsx: Using EditorConfig core...
front-web/src/Orders/Productcard.tsx: Using EditorConfig core...
front-web/src/Orders/Productcard.tsx: Using EditorConfig core...
front-web/src/Orders/Productcard.tsx: Using EditorConfig core...
front-web/src/Orders/Productcard.tsx: {}
front-web/src/Orders/ProductsList.tsx: {}
front-web/src/Orders/Productcard.tsx: {}
front-web/src/Orders/index.tsx: {}
